  Test.cpp
D:\Cpp_GameDevelopment\libraries\ZeldaGame\Test.cpp(192,37): warning C4244: '=': conversion from 'double' to 'int', possible loss of data
D:\Cpp_GameDevelopment\libraries\ZeldaGame\Test.cpp(193,37): warning C4244: '=': conversion from 'double' to 'int', possible loss of data
D:\Cpp_GameDevelopment\libraries\ZeldaGame\Test.cpp(214,36): warning C4244: 'argument': conversion from 'double' to 'int', possible loss of data
D:\Cpp_GameDevelopment\libraries\ZeldaGame\Test.cpp(214,23): warning C4244: 'argument': conversion from 'double' to 'int', possible loss of data
D:\Cpp_GameDevelopment\libraries\ZeldaGame\Test.cpp(215,54): warning C4244: 'argument': conversion from 'double' to 'int', possible loss of data
D:\Cpp_GameDevelopment\libraries\ZeldaGame\Test.cpp(215,41): warning C4244: 'argument': conversion from 'double' to 'int', possible loss of data
D:\Cpp_GameDevelopment\libraries\ZeldaGame\Test.cpp(215,29): warning C4244: 'argument': conversion from 'double' to 'int', possible loss of data
D:\Cpp_GameDevelopment\libraries\ZeldaGame\Test.cpp(215,17): warning C4244: 'argument': conversion from 'double' to 'int', possible loss of data
D:\Cpp_GameDevelopment\libraries\ZeldaGame\Test.cpp(216,54): warning C4244: 'argument': conversion from 'double' to 'int', possible loss of data
D:\Cpp_GameDevelopment\libraries\ZeldaGame\Test.cpp(216,41): warning C4244: 'argument': conversion from 'double' to 'int', possible loss of data
D:\Cpp_GameDevelopment\libraries\ZeldaGame\Test.cpp(216,29): warning C4244: 'argument': conversion from 'double' to 'int', possible loss of data
D:\Cpp_GameDevelopment\libraries\ZeldaGame\Test.cpp(216,17): warning C4244: 'argument': conversion from 'double' to 'int', possible loss of data
D:\Cpp_GameDevelopment\libraries\ZeldaGame\Test.cpp(217,54): warning C4244: 'argument': conversion from 'double' to 'int', possible loss of data
D:\Cpp_GameDevelopment\libraries\ZeldaGame\Test.cpp(217,41): warning C4244: 'argument': conversion from 'double' to 'int', possible loss of data
D:\Cpp_GameDevelopment\libraries\ZeldaGame\Test.cpp(217,29): warning C4244: 'argument': conversion from 'double' to 'int', possible loss of data
D:\Cpp_GameDevelopment\libraries\ZeldaGame\Test.cpp(217,17): warning C4244: 'argument': conversion from 'double' to 'int', possible loss of data
D:\Cpp_GameDevelopment\libraries\ZeldaGame\Test.cpp(218,54): warning C4244: 'argument': conversion from 'double' to 'int', possible loss of data
D:\Cpp_GameDevelopment\libraries\ZeldaGame\Test.cpp(218,41): warning C4244: 'argument': conversion from 'double' to 'int', possible loss of data
D:\Cpp_GameDevelopment\libraries\ZeldaGame\Test.cpp(218,29): warning C4244: 'argument': conversion from 'double' to 'int', possible loss of data
D:\Cpp_GameDevelopment\libraries\ZeldaGame\Test.cpp(218,17): warning C4244: 'argument': conversion from 'double' to 'int', possible loss of data
D:\Cpp_GameDevelopment\libraries\ZeldaGame\Test.cpp(219,56): warning C4244: 'argument': conversion from 'double' to 'int', possible loss of data
D:\Cpp_GameDevelopment\libraries\ZeldaGame\Test.cpp(219,43): warning C4244: 'argument': conversion from 'double' to 'int', possible loss of data
D:\Cpp_GameDevelopment\libraries\ZeldaGame\Test.cpp(219,30): warning C4244: 'argument': conversion from 'double' to 'int', possible loss of data
D:\Cpp_GameDevelopment\libraries\ZeldaGame\Test.cpp(219,17): warning C4244: 'argument': conversion from 'double' to 'int', possible loss of data
D:\Cpp_GameDevelopment\libraries\ZeldaGame\Test.cpp(223,46): warning C4244: 'argument': conversion from 'double' to 'int', possible loss of data
D:\Cpp_GameDevelopment\libraries\ZeldaGame\Test.cpp(223,33): warning C4244: 'argument': conversion from 'double' to 'int', possible loss of data
D:\Cpp_GameDevelopment\libraries\ZeldaGame\Test.cpp(223,20): warning C4244: 'argument': conversion from 'double' to 'int', possible loss of data
D:\Cpp_GameDevelopment\libraries\ZeldaGame\Test.cpp(224,54): warning C4244: 'argument': conversion from 'double' to 'int', possible loss of data
D:\Cpp_GameDevelopment\libraries\ZeldaGame\Test.cpp(224,41): warning C4244: 'argument': conversion from 'double' to 'int', possible loss of data
D:\Cpp_GameDevelopment\libraries\ZeldaGame\Test.cpp(224,28): warning C4244: 'argument': conversion from 'double' to 'int', possible loss of data
D:\Cpp_GameDevelopment\libraries\ZeldaGame\Test.cpp(225,55): warning C4244: 'argument': conversion from 'double' to 'int', possible loss of data
D:\Cpp_GameDevelopment\libraries\ZeldaGame\Test.cpp(225,42): warning C4244: 'argument': conversion from 'double' to 'int', possible loss of data
D:\Cpp_GameDevelopment\libraries\ZeldaGame\Test.cpp(225,29): warning C4244: 'argument': conversion from 'double' to 'int', possible loss of data
D:\Cpp_GameDevelopment\libraries\ZeldaGame\Test.cpp(225,17): warning C4244: 'argument': conversion from 'double' to 'int', possible loss of data
D:\Cpp_GameDevelopment\libraries\ZeldaGame\Test.cpp(226,55): warning C4244: 'argument': conversion from 'double' to 'int', possible loss of data
D:\Cpp_GameDevelopment\libraries\ZeldaGame\Test.cpp(226,42): warning C4244: 'argument': conversion from 'double' to 'int', possible loss of data
D:\Cpp_GameDevelopment\libraries\ZeldaGame\Test.cpp(226,29): warning C4244: 'argument': conversion from 'double' to 'int', possible loss of data
D:\Cpp_GameDevelopment\libraries\ZeldaGame\Test.cpp(226,17): warning C4244: 'argument': conversion from 'double' to 'int', possible loss of data
D:\Cpp_GameDevelopment\libraries\ZeldaGame\Test.cpp(227,52): warning C4244: 'argument': conversion from 'double' to 'int', possible loss of data
D:\Cpp_GameDevelopment\libraries\ZeldaGame\Test.cpp(227,28): warning C4244: 'argument': conversion from 'double' to 'int', possible loss of data
D:\Cpp_GameDevelopment\libraries\ZeldaGame\Test.cpp(231,20): warning C4244: 'argument': conversion from 'double' to 'int', possible loss of data
D:\Cpp_GameDevelopment\libraries\ZeldaGame\Test.cpp(233,29): warning C4244: 'argument': conversion from 'double' to 'int', possible loss of data
D:\Cpp_GameDevelopment\libraries\ZeldaGame\Test.cpp(233,17): warning C4244: 'argument': conversion from 'double' to 'int', possible loss of data
D:\Cpp_GameDevelopment\libraries\ZeldaGame\Test.cpp(238,29): warning C4244: 'argument': conversion from 'double' to 'int', possible loss of data
D:\Cpp_GameDevelopment\libraries\ZeldaGame\Test.cpp(238,17): warning C4244: 'argument': conversion from 'double' to 'int', possible loss of data
D:\Cpp_GameDevelopment\libraries\ZeldaGame\Test.cpp(239,29): warning C4244: 'argument': conversion from 'double' to 'int', possible loss of data
D:\Cpp_GameDevelopment\libraries\ZeldaGame\Test.cpp(239,17): warning C4244: 'argument': conversion from 'double' to 'int', possible loss of data
D:\Cpp_GameDevelopment\libraries\ZeldaGame\Test.cpp(241,29): warning C4244: 'argument': conversion from 'double' to 'int', possible loss of data
D:\Cpp_GameDevelopment\libraries\ZeldaGame\Test.cpp(241,17): warning C4244: 'argument': conversion from 'double' to 'int', possible loss of data
D:\Cpp_GameDevelopment\libraries\ZeldaGame\Test.cpp(242,29): warning C4244: 'argument': conversion from 'double' to 'int', possible loss of data
D:\Cpp_GameDevelopment\libraries\ZeldaGame\Test.cpp(242,17): warning C4244: 'argument': conversion from 'double' to 'int', possible loss of data
D:\Cpp_GameDevelopment\libraries\ZeldaGame\Test.cpp(244,29): warning C4244: 'argument': conversion from 'double' to 'int', possible loss of data
D:\Cpp_GameDevelopment\libraries\ZeldaGame\Test.cpp(244,17): warning C4244: 'argument': conversion from 'double' to 'int', possible loss of data
D:\Cpp_GameDevelopment\libraries\ZeldaGame\Test.cpp(246,30): warning C4244: 'argument': conversion from 'double' to 'int', possible loss of data
D:\Cpp_GameDevelopment\libraries\ZeldaGame\Test.cpp(246,17): warning C4244: 'argument': conversion from 'double' to 'int', possible loss of data
D:\Cpp_GameDevelopment\libraries\ZeldaGame\Test.cpp(248,44): warning C4244: 'argument': conversion from 'double' to 'int', possible loss of data
D:\Cpp_GameDevelopment\libraries\ZeldaGame\Test.cpp(248,17): warning C4244: 'argument': conversion from 'double' to 'int', possible loss of data
D:\Cpp_GameDevelopment\libraries\ZeldaGame\Test.cpp(249,20): warning C4244: 'argument': conversion from 'double' to 'int', possible loss of data
D:\Cpp_GameDevelopment\libraries\ZeldaGame\Test.cpp(253,29): warning C4244: 'argument': conversion from 'double' to 'int', possible loss of data
D:\Cpp_GameDevelopment\libraries\ZeldaGame\Test.cpp(253,17): warning C4244: 'argument': conversion from 'double' to 'int', possible loss of data
D:\Cpp_GameDevelopment\libraries\ZeldaGame\Test.cpp(255,29): warning C4244: 'argument': conversion from 'double' to 'int', possible loss of data
D:\Cpp_GameDevelopment\libraries\ZeldaGame\Test.cpp(255,17): warning C4244: 'argument': conversion from 'double' to 'int', possible loss of data
D:\Cpp_GameDevelopment\libraries\ZeldaGame\Test.cpp(257,29): warning C4244: 'argument': conversion from 'double' to 'int', possible loss of data
D:\Cpp_GameDevelopment\libraries\ZeldaGame\Test.cpp(257,17): warning C4244: 'argument': conversion from 'double' to 'int', possible loss of data
D:\Cpp_GameDevelopment\libraries\ZeldaGame\Test.cpp(259,29): warning C4244: 'argument': conversion from 'double' to 'int', possible loss of data
D:\Cpp_GameDevelopment\libraries\ZeldaGame\Test.cpp(259,17): warning C4244: 'argument': conversion from 'double' to 'int', possible loss of data
D:\Cpp_GameDevelopment\libraries\ZeldaGame\Test.cpp(262,55): warning C4244: 'argument': conversion from 'double' to 'int', possible loss of data
D:\Cpp_GameDevelopment\libraries\ZeldaGame\Test.cpp(262,42): warning C4244: 'argument': conversion from 'double' to 'int', possible loss of data
D:\Cpp_GameDevelopment\libraries\ZeldaGame\Test.cpp(262,29): warning C4244: 'argument': conversion from 'double' to 'int', possible loss of data
D:\Cpp_GameDevelopment\libraries\ZeldaGame\Test.cpp(262,17): warning C4244: 'argument': conversion from 'double' to 'int', possible loss of data
D:\Cpp_GameDevelopment\libraries\ZeldaGame\Test.cpp(291,40): warning C4305: '+=': truncation from 'double' to 'float'
D:\Cpp_GameDevelopment\libraries\ZeldaGame\Test.cpp(293,62): warning C4244: 'argument': conversion from 'double' to 'int', possible loss of data
D:\Cpp_GameDevelopment\libraries\ZeldaGame\Test.cpp(293,43): warning C4244: 'argument': conversion from 'double' to 'int', possible loss of data
D:\Cpp_GameDevelopment\libraries\ZeldaGame\Test.cpp(293,32): warning C4244: 'argument': conversion from 'float' to 'int', possible loss of data
D:\Cpp_GameDevelopment\libraries\ZeldaGame\Test.cpp(293,21): warning C4244: 'argument': conversion from 'float' to 'int', possible loss of data
D:\Cpp_GameDevelopment\libraries\ZeldaGame\Test.cpp(296,40): warning C4244: 'argument': conversion from 'double' to 'int', possible loss of data
D:\Cpp_GameDevelopment\libraries\ZeldaGame\Test.cpp(296,21): warning C4244: 'argument': conversion from 'double' to 'int', possible loss of data
D:\Cpp_GameDevelopment\libraries\ZeldaGame\Test.cpp(300,31): warning C4244: 'argument': conversion from 'double' to 'int', possible loss of data
D:\Cpp_GameDevelopment\libraries\ZeldaGame\Test.cpp(300,18): warning C4244: 'argument': conversion from 'double' to 'int', possible loss of data
D:\Cpp_GameDevelopment\libraries\ZeldaGame\Test.cpp(301,31): warning C4244: 'argument': conversion from 'double' to 'int', possible loss of data
D:\Cpp_GameDevelopment\libraries\ZeldaGame\Test.cpp(301,12): warning C4244: 'argument': conversion from 'double' to 'int', possible loss of data
D:\Cpp_GameDevelopment\libraries\ZeldaGame\Test.cpp(303,44): warning C4244: 'argument': conversion from 'double' to 'int', possible loss of data
D:\Cpp_GameDevelopment\libraries\ZeldaGame\Test.cpp(303,17): warning C4244: 'argument': conversion from 'double' to 'int', possible loss of data
D:\Cpp_GameDevelopment\libraries\ZeldaGame\Test.cpp(304,20): warning C4244: 'argument': conversion from 'double' to 'int', possible loss of data
D:\Cpp_GameDevelopment\libraries\ZeldaGame\Test.cpp(307,30): warning C4244: 'argument': conversion from 'double' to 'int', possible loss of data
D:\Cpp_GameDevelopment\libraries\ZeldaGame\Test.cpp(307,17): warning C4244: 'argument': conversion from 'double' to 'int', possible loss of data
D:\Cpp_GameDevelopment\libraries\ZeldaGame\Test.cpp(308,30): warning C4244: 'argument': conversion from 'double' to 'int', possible loss of data
D:\Cpp_GameDevelopment\libraries\ZeldaGame\Test.cpp(308,17): warning C4244: 'argument': conversion from 'double' to 'int', possible loss of data
D:\Cpp_GameDevelopment\libraries\ZeldaGame\Test.cpp(312,46): warning C4244: 'argument': conversion from 'double' to 'int', possible loss of data
D:\Cpp_GameDevelopment\libraries\ZeldaGame\Test.cpp(312,33): warning C4244: 'argument': conversion from 'double' to 'int', possible loss of data
D:\Cpp_GameDevelopment\libraries\ZeldaGame\Test.cpp(312,20): warning C4244: 'argument': conversion from 'double' to 'int', possible loss of data
D:\Cpp_GameDevelopment\libraries\ZeldaGame\Test.cpp(313,55): warning C4244: 'argument': conversion from 'double' to 'int', possible loss of data
D:\Cpp_GameDevelopment\libraries\ZeldaGame\Test.cpp(313,42): warning C4244: 'argument': conversion from 'double' to 'int', possible loss of data
D:\Cpp_GameDevelopment\libraries\ZeldaGame\Test.cpp(313,29): warning C4244: 'argument': conversion from 'double' to 'int', possible loss of data
D:\Cpp_GameDevelopment\libraries\ZeldaGame\Test.cpp(313,17): warning C4244: 'argument': conversion from 'double' to 'int', possible loss of data
D:\Cpp_GameDevelopment\libraries\ZeldaGame\Test.cpp(314,55): warning C4244: 'argument': conversion from 'double' to 'int', possible loss of data
D:\Cpp_GameDevelopment\libraries\ZeldaGame\Test.cpp(314,42): warning C4244: 'argument': conversion from 'double' to 'int', possible loss of data
D:\Cpp_GameDevelopment\libraries\ZeldaGame\Test.cpp(314,29): warning C4244: 'argument': conversion from 'double' to 'int', possible loss of data
D:\Cpp_GameDevelopment\libraries\ZeldaGame\Test.cpp(314,17): warning C4244: 'argument': conversion from 'double' to 'int', possible loss of data
D:\Cpp_GameDevelopment\libraries\ZeldaGame\Test.cpp(315,55): warning C4244: 'argument': conversion from 'double' to 'int', possible loss of data
D:\Cpp_GameDevelopment\libraries\ZeldaGame\Test.cpp(315,42): warning C4244: 'argument': conversion from 'double' to 'int', possible loss of data
D:\Cpp_GameDevelopment\libraries\ZeldaGame\Test.cpp(315,29): warning C4244: 'argument': conversion from 'double' to 'int', possible loss of data
D:\Cpp_GameDevelopment\libraries\ZeldaGame\Test.cpp(315,17): warning C4244: 'argument': conversion from 'double' to 'int', possible loss of data
D:\Cpp_GameDevelopment\libraries\ZeldaGame\Test.cpp(316,52): warning C4244: 'argument': conversion from 'double' to 'int', possible loss of data
D:\Cpp_GameDevelopment\libraries\ZeldaGame\Test.cpp(316,28): warning C4244: 'argument': conversion from 'double' to 'int', possible loss of data
D:\Cpp_GameDevelopment\libraries\ZeldaGame\Test.cpp(319,29): warning C4244: 'argument': conversion from 'double' to 'int', possible loss of data
D:\Cpp_GameDevelopment\libraries\ZeldaGame\Test.cpp(319,17): warning C4244: 'argument': conversion from 'double' to 'int', possible loss of data
D:\Cpp_GameDevelopment\libraries\ZeldaGame\Test.cpp(321,29): warning C4244: 'argument': conversion from 'double' to 'int', possible loss of data
D:\Cpp_GameDevelopment\libraries\ZeldaGame\Test.cpp(321,17): warning C4244: 'argument': conversion from 'double' to 'int', possible loss of data
D:\Cpp_GameDevelopment\libraries\ZeldaGame\Test.cpp(323,29): warning C4244: 'argument': conversion from 'double' to 'int', possible loss of data
D:\Cpp_GameDevelopment\libraries\ZeldaGame\Test.cpp(323,17): warning C4244: 'argument': conversion from 'double' to 'int', possible loss of data
D:\Cpp_GameDevelopment\libraries\ZeldaGame\Test.cpp(325,29): warning C4244: 'argument': conversion from 'double' to 'int', possible loss of data
D:\Cpp_GameDevelopment\libraries\ZeldaGame\Test.cpp(325,17): warning C4244: 'argument': conversion from 'double' to 'int', possible loss of data
D:\Cpp_GameDevelopment\libraries\ZeldaGame\Test.cpp(332,40): warning C4305: '+=': truncation from 'double' to 'float'
D:\Cpp_GameDevelopment\libraries\ZeldaGame\Test.cpp(334,62): warning C4244: 'argument': conversion from 'double' to 'int', possible loss of data
D:\Cpp_GameDevelopment\libraries\ZeldaGame\Test.cpp(334,43): warning C4244: 'argument': conversion from 'double' to 'int', possible loss of data
D:\Cpp_GameDevelopment\libraries\ZeldaGame\Test.cpp(334,32): warning C4244: 'argument': conversion from 'float' to 'int', possible loss of data
D:\Cpp_GameDevelopment\libraries\ZeldaGame\Test.cpp(334,21): warning C4244: 'argument': conversion from 'float' to 'int', possible loss of data
D:\Cpp_GameDevelopment\libraries\ZeldaGame\Test.cpp(337,40): warning C4244: 'argument': conversion from 'double' to 'int', possible loss of data
D:\Cpp_GameDevelopment\libraries\ZeldaGame\Test.cpp(337,21): warning C4244: 'argument': conversion from 'double' to 'int', possible loss of data
D:\Cpp_GameDevelopment\libraries\ZeldaGame\Test.cpp(341,31): warning C4244: 'argument': conversion from 'double' to 'int', possible loss of data
D:\Cpp_GameDevelopment\libraries\ZeldaGame\Test.cpp(341,18): warning C4244: 'argument': conversion from 'double' to 'int', possible loss of data
D:\Cpp_GameDevelopment\libraries\ZeldaGame\Test.cpp(342,31): warning C4244: 'argument': conversion from 'double' to 'int', possible loss of data
D:\Cpp_GameDevelopment\libraries\ZeldaGame\Test.cpp(342,12): warning C4244: 'argument': conversion from 'double' to 'int', possible loss of data
D:\Cpp_GameDevelopment\libraries\ZeldaGame\Test.cpp(344,44): warning C4244: 'argument': conversion from 'double' to 'int', possible loss of data
D:\Cpp_GameDevelopment\libraries\ZeldaGame\Test.cpp(344,17): warning C4244: 'argument': conversion from 'double' to 'int', possible loss of data
D:\Cpp_GameDevelopment\libraries\ZeldaGame\Test.cpp(345,20): warning C4244: 'argument': conversion from 'double' to 'int', possible loss of data
D:\Cpp_GameDevelopment\libraries\ZeldaGame\Test.cpp(348,30): warning C4244: 'argument': conversion from 'double' to 'int', possible loss of data
D:\Cpp_GameDevelopment\libraries\ZeldaGame\Test.cpp(348,17): warning C4244: 'argument': conversion from 'double' to 'int', possible loss of data
D:\Cpp_GameDevelopment\libraries\ZeldaGame\Test.cpp(349,30): warning C4244: 'argument': conversion from 'double' to 'int', possible loss of data
D:\Cpp_GameDevelopment\libraries\ZeldaGame\Test.cpp(349,17): warning C4244: 'argument': conversion from 'double' to 'int', possible loss of data
D:\Cpp_GameDevelopment\libraries\ZeldaGame\Test.cpp(353,46): warning C4244: 'argument': conversion from 'double' to 'int', possible loss of data
D:\Cpp_GameDevelopment\libraries\ZeldaGame\Test.cpp(353,33): warning C4244: 'argument': conversion from 'double' to 'int', possible loss of data
D:\Cpp_GameDevelopment\libraries\ZeldaGame\Test.cpp(353,20): warning C4244: 'argument': conversion from 'double' to 'int', possible loss of data
D:\Cpp_GameDevelopment\libraries\ZeldaGame\Test.cpp(354,55): warning C4244: 'argument': conversion from 'double' to 'int', possible loss of data
D:\Cpp_GameDevelopment\libraries\ZeldaGame\Test.cpp(354,42): warning C4244: 'argument': conversion from 'double' to 'int', possible loss of data
D:\Cpp_GameDevelopment\libraries\ZeldaGame\Test.cpp(354,29): warning C4244: 'argument': conversion from 'double' to 'int', possible loss of data
D:\Cpp_GameDevelopment\libraries\ZeldaGame\Test.cpp(354,17): warning C4244: 'argument': conversion from 'double' to 'int', possible loss of data
D:\Cpp_GameDevelopment\libraries\ZeldaGame\Test.cpp(355,55): warning C4244: 'argument': conversion from 'double' to 'int', possible loss of data
D:\Cpp_GameDevelopment\libraries\ZeldaGame\Test.cpp(355,42): warning C4244: 'argument': conversion from 'double' to 'int', possible loss of data
D:\Cpp_GameDevelopment\libraries\ZeldaGame\Test.cpp(355,29): warning C4244: 'argument': conversion from 'double' to 'int', possible loss of data
D:\Cpp_GameDevelopment\libraries\ZeldaGame\Test.cpp(355,17): warning C4244: 'argument': conversion from 'double' to 'int', possible loss of data
D:\Cpp_GameDevelopment\libraries\ZeldaGame\Test.cpp(356,55): warning C4244: 'argument': conversion from 'double' to 'int', possible loss of data
D:\Cpp_GameDevelopment\libraries\ZeldaGame\Test.cpp(356,42): warning C4244: 'argument': conversion from 'double' to 'int', possible loss of data
D:\Cpp_GameDevelopment\libraries\ZeldaGame\Test.cpp(356,29): warning C4244: 'argument': conversion from 'double' to 'int', possible loss of data
D:\Cpp_GameDevelopment\libraries\ZeldaGame\Test.cpp(356,17): warning C4244: 'argument': conversion from 'double' to 'int', possible loss of data
D:\Cpp_GameDevelopment\libraries\ZeldaGame\Test.cpp(357,52): warning C4244: 'argument': conversion from 'double' to 'int', possible loss of data
D:\Cpp_GameDevelopment\libraries\ZeldaGame\Test.cpp(357,28): warning C4244: 'argument': conversion from 'double' to 'int', possible loss of data
D:\Cpp_GameDevelopment\libraries\ZeldaGame\Test.cpp(360,29): warning C4244: 'argument': conversion from 'double' to 'int', possible loss of data
D:\Cpp_GameDevelopment\libraries\ZeldaGame\Test.cpp(360,17): warning C4244: 'argument': conversion from 'double' to 'int', possible loss of data
D:\Cpp_GameDevelopment\libraries\ZeldaGame\Test.cpp(362,29): warning C4244: 'argument': conversion from 'double' to 'int', possible loss of data
D:\Cpp_GameDevelopment\libraries\ZeldaGame\Test.cpp(362,17): warning C4244: 'argument': conversion from 'double' to 'int', possible loss of data
D:\Cpp_GameDevelopment\libraries\ZeldaGame\Test.cpp(364,29): warning C4244: 'argument': conversion from 'double' to 'int', possible loss of data
D:\Cpp_GameDevelopment\libraries\ZeldaGame\Test.cpp(364,17): warning C4244: 'argument': conversion from 'double' to 'int', possible loss of data
D:\Cpp_GameDevelopment\libraries\ZeldaGame\Test.cpp(366,29): warning C4244: 'argument': conversion from 'double' to 'int', possible loss of data
D:\Cpp_GameDevelopment\libraries\ZeldaGame\Test.cpp(366,17): warning C4244: 'argument': conversion from 'double' to 'int', possible loss of data
D:\Cpp_GameDevelopment\libraries\ZeldaGame\Test.cpp(369,45): warning C4244: 'argument': conversion from 'double' to 'int', possible loss of data
D:\Cpp_GameDevelopment\libraries\ZeldaGame\Test.cpp(369,32): warning C4244: 'argument': conversion from 'double' to 'int', possible loss of data
D:\Cpp_GameDevelopment\libraries\ZeldaGame\Test.cpp(456,21): warning C4101: 'y2': unreferenced local variable
D:\Cpp_GameDevelopment\libraries\ZeldaGame\Test.cpp(456,17): warning C4101: 'x2': unreferenced local variable
D:\Cpp_GameDevelopment\libraries\ZeldaGame\Test.cpp(539,40): warning C4244: 'argument': conversion from 'double' to 'int', possible loss of data
D:\Cpp_GameDevelopment\libraries\ZeldaGame\Test.cpp(541,40): warning C4244: 'argument': conversion from 'double' to 'int', possible loss of data
D:\Cpp_GameDevelopment\libraries\ZeldaGame\Test.cpp(543,40): warning C4244: 'argument': conversion from 'double' to 'int', possible loss of data
D:\Cpp_GameDevelopment\libraries\ZeldaGame\Test.cpp(545,45): warning C4244: 'argument': conversion from 'double' to 'int', possible loss of data
D:\Cpp_GameDevelopment\libraries\ZeldaGame\Test.cpp(547,48): warning C4244: 'argument': conversion from 'double' to 'int', possible loss of data
D:\Cpp_GameDevelopment\libraries\ZeldaGame\Test.cpp(547,22): warning C4244: 'argument': conversion from 'double' to 'int', possible loss of data
D:\Cpp_GameDevelopment\libraries\ZeldaGame\Test.cpp(571,44): warning C4244: 'argument': conversion from 'float' to 'int', possible loss of data
D:\Cpp_GameDevelopment\libraries\ZeldaGame\Test.cpp(571,37): warning C4244: 'argument': conversion from 'float' to 'int', possible loss of data
D:\Cpp_GameDevelopment\libraries\ZeldaGame\Test.cpp(588,11): warning C4244: 'argument': conversion from 'double' to 'int', possible loss of data
D:\Cpp_GameDevelopment\libraries\ZeldaGame\Test.cpp(590,46): warning C4244: 'argument': conversion from 'double' to 'int', possible loss of data
D:\Cpp_GameDevelopment\libraries\ZeldaGame\Test.cpp(590,11): warning C4244: 'argument': conversion from 'double' to 'int', possible loss of data
D:\Cpp_GameDevelopment\libraries\ZeldaGame\Test.cpp(592,48): warning C4244: 'argument': conversion from 'double' to 'int', possible loss of data
D:\Cpp_GameDevelopment\libraries\ZeldaGame\Test.cpp(592,35): warning C4244: 'argument': conversion from 'double' to 'int', possible loss of data
D:\Cpp_GameDevelopment\libraries\ZeldaGame\Test.cpp(592,22): warning C4244: 'argument': conversion from 'double' to 'int', possible loss of data
D:\Cpp_GameDevelopment\libraries\ZeldaGame\Test.cpp(594,45): warning C4244: 'argument': conversion from 'double' to 'int', possible loss of data
D:\Cpp_GameDevelopment\libraries\ZeldaGame\Test.cpp(596,48): warning C4244: 'argument': conversion from 'double' to 'int', possible loss of data
D:\Cpp_GameDevelopment\libraries\ZeldaGame\Test.cpp(596,23): warning C4244: 'argument': conversion from 'double' to 'int', possible loss of data
  bgi.vcxproj -> D:\Cpp_GameDevelopment\libraries\ZeldaGame\Debug\bgi.exe
